<?xml version="1.0" encoding="UTF-8"?>
<coverage generated="1716681727512" clover="3.2.0">
  <project timestamp="1716681727512" name="All files">
    <metrics statements="303" coveredstatements="271" conditionals="84" coveredconditionals="77" methods="22" coveredmethods="20" elements="409" coveredelements="368" complexity="0" loc="303" ncloc="303" packages="4" files="5" classes="5"/>
    <package name="src">
      <metrics statements="21" coveredstatements="0" conditionals="2" coveredconditionals="0" methods="2" coveredmethods="0"/>
      <file name="App.jsx" path="C:\Users\andre\Desktop\Chuy\U\WEB\Calculator\src\App.jsx">
        <metrics statements="11" coveredstatements="0" conditionals="1" coveredconditionals="0" methods="1" coveredmethods="0"/>
        <line num="1" count="0" type="cond" truecount="0" falsecount="1"/>
        <line num="2" count="0" type="stmt"/>
        <line num="3" count="0" type="stmt"/>
        <line num="4" count="0" type="stmt"/>
        <line num="5" count="0" type="stmt"/>
        <line num="6" count="0" type="stmt"/>
        <line num="7" count="0" type="stmt"/>
        <line num="8" count="0" type="stmt"/>
        <line num="9" count="0" type="stmt"/>
        <line num="10" count="0" type="stmt"/>
        <line num="11" count="0" type="stmt"/>
      </file>
      <file name="main.jsx" path="C:\Users\andre\Desktop\Chuy\U\WEB\Calculator\src\main.jsx">
        <metrics statements="10" coveredstatements="0" conditionals="1" coveredconditionals="0" methods="1" coveredmethods="0"/>
        <line num="1" count="0" type="cond" truecount="0" falsecount="1"/>
        <line num="2" count="0" type="stmt"/>
        <line num="3" count="0" type="stmt"/>
        <line num="4" count="0" type="stmt"/>
        <line num="5" count="0" type="stmt"/>
        <line num="6" count="0" type="stmt"/>
        <line num="7" count="0" type="stmt"/>
        <line num="8" count="0" type="stmt"/>
        <line num="9" count="0" type="stmt"/>
        <line num="10" count="0" type="stmt"/>
      </file>
    </package>
    <package name="src.Scripts">
      <metrics statements="62" coveredstatements="62" conditionals="23" coveredconditionals="23" methods="13" coveredmethods="13"/>
      <file name="calcController.js" path="C:\Users\andre\Desktop\Chuy\U\WEB\Calculator\src\Scripts\calcController.js">
        <metrics statements="62" coveredstatements="62" conditionals="23" coveredconditionals="23" methods="13" coveredmethods="13"/>
        <line num="1" count="1" type="cond" truecount="1" falsecount="0"/>
        <line num="2" count="59" type="stmt"/>
        <line num="3" count="59" type="stmt"/>
        <line num="4" count="1" type="stmt"/>
        <line num="5" count="1" type="cond" truecount="1" falsecount="0"/>
        <line num="6" count="10" type="stmt"/>
        <line num="7" count="10" type="stmt"/>
        <line num="8" count="1" type="stmt"/>
        <line num="9" count="1" type="cond" truecount="1" falsecount="0"/>
        <line num="10" count="24" type="stmt"/>
        <line num="11" count="24" type="stmt"/>
        <line num="12" count="1" type="stmt"/>
        <line num="13" count="1" type="cond" truecount="1" falsecount="0"/>
        <line num="14" count="3" type="cond" truecount="2" falsecount="0"/>
        <line num="15" count="1" type="stmt"/>
        <line num="16" count="1" type="stmt"/>
        <line num="17" count="2" type="stmt"/>
        <line num="18" count="2" type="stmt"/>
        <line num="19" count="1" type="stmt"/>
        <line num="20" count="1" type="cond" truecount="1" falsecount="0"/>
        <line num="21" count="46" type="cond" truecount="2" falsecount="0"/>
        <line num="22" count="21" type="stmt"/>
        <line num="23" count="21" type="stmt"/>
        <line num="24" count="25" type="cond" truecount="1" falsecount="0"/>
        <line num="25" count="25" type="stmt"/>
        <line num="26" count="25" type="stmt"/>
        <line num="27" count="1" type="stmt"/>
        <line num="28" count="1" type="cond" truecount="1" falsecount="0"/>
        <line num="29" count="83" type="stmt"/>
        <line num="30" count="83" type="stmt"/>
        <line num="31" count="1" type="stmt"/>
        <line num="32" count="1" type="cond" truecount="1" falsecount="0"/>
        <line num="33" count="4" type="stmt"/>
        <line num="34" count="4" type="stmt"/>
        <line num="35" count="1" type="stmt"/>
        <line num="36" count="1" type="cond" truecount="1" falsecount="0"/>
        <line num="37" count="5" type="stmt"/>
        <line num="38" count="5" type="stmt"/>
        <line num="39" count="1" type="stmt"/>
        <line num="40" count="1" type="cond" truecount="1" falsecount="0"/>
        <line num="41" count="3" type="stmt"/>
        <line num="42" count="3" type="stmt"/>
        <line num="43" count="1" type="stmt"/>
        <line num="44" count="1" type="cond" truecount="1" falsecount="0"/>
        <line num="45" count="5" type="cond" truecount="1" falsecount="0"/>
        <line num="46" count="1" type="stmt"/>
        <line num="47" count="1" type="stmt"/>
        <line num="48" count="1" type="stmt"/>
        <line num="49" count="4" type="cond" truecount="1" falsecount="0"/>
        <line num="50" count="4" type="stmt"/>
        <line num="51" count="1" type="stmt"/>
        <line num="52" count="1" type="cond" truecount="1" falsecount="0"/>
        <line num="53" count="4" type="stmt"/>
        <line num="54" count="4" type="stmt"/>
        <line num="55" count="1" type="stmt"/>
        <line num="56" count="1" type="cond" truecount="1" falsecount="0"/>
        <line num="57" count="2" type="stmt"/>
        <line num="58" count="2" type="stmt"/>
        <line num="59" count="1" type="stmt"/>
        <line num="60" count="1" type="cond" truecount="1" falsecount="0"/>
        <line num="61" count="2" type="cond" truecount="3" falsecount="0"/>
        <line num="62" count="2" type="stmt"/>
      </file>
    </package>
    <package name="src.components">
      <metrics statements="83" coveredstatements="83" conditionals="3" coveredconditionals="3" methods="1" coveredmethods="1"/>
      <file name="CalcButton.jsx" path="C:\Users\andre\Desktop\Chuy\U\WEB\Calculator\src\components\CalcButton.jsx">
        <metrics statements="83" coveredstatements="83" conditionals="3" coveredconditionals="3" methods="1" coveredmethods="1"/>
        <line num="1" count="1" type="stmt"/>
        <line num="2" count="1" type="stmt"/>
        <line num="3" count="1" type="stmt"/>
        <line num="4" count="1" type="stmt"/>
        <line num="5" count="1" type="stmt"/>
        <line num="6" count="1" type="stmt"/>
        <line num="7" count="1" type="stmt"/>
        <line num="8" count="1" type="stmt"/>
        <line num="9" count="1483" type="cond" truecount="1" falsecount="0"/>
        <line num="10" count="1483" type="stmt"/>
        <line num="11" count="1483" type="stmt"/>
        <line num="12" count="1483" type="stmt"/>
        <line num="13" count="1483" type="stmt"/>
        <line num="14" count="1483" type="stmt"/>
        <line num="15" count="1483" type="stmt"/>
        <line num="16" count="1483" type="stmt"/>
        <line num="17" count="1483" type="stmt"/>
        <line num="18" count="1483" type="stmt"/>
        <line num="19" count="1483" type="stmt"/>
        <line num="20" count="1483" type="stmt"/>
        <line num="21" count="1483" type="stmt"/>
        <line num="22" count="1483" type="stmt"/>
        <line num="23" count="1483" type="stmt"/>
        <line num="24" count="1483" type="stmt"/>
        <line num="25" count="1483" type="stmt"/>
        <line num="26" count="1483" type="stmt"/>
        <line num="27" count="1483" type="stmt"/>
        <line num="28" count="1483" type="stmt"/>
        <line num="29" count="1483" type="stmt"/>
        <line num="30" count="1483" type="stmt"/>
        <line num="31" count="1483" type="stmt"/>
        <line num="32" count="1483" type="stmt"/>
        <line num="33" count="1483" type="stmt"/>
        <line num="34" count="1483" type="stmt"/>
        <line num="35" count="1483" type="stmt"/>
        <line num="36" count="1483" type="stmt"/>
        <line num="37" count="1483" type="stmt"/>
        <line num="38" count="1483" type="stmt"/>
        <line num="39" count="1483" type="stmt"/>
        <line num="40" count="1483" type="stmt"/>
        <line num="41" count="1483" type="stmt"/>
        <line num="42" count="1483" type="stmt"/>
        <line num="43" count="1483" type="stmt"/>
        <line num="44" count="1483" type="stmt"/>
        <line num="45" count="1483" type="stmt"/>
        <line num="46" count="1483" type="stmt"/>
        <line num="47" count="1483" type="stmt"/>
        <line num="48" count="1483" type="stmt"/>
        <line num="49" count="1483" type="stmt"/>
        <line num="50" count="1483" type="stmt"/>
        <line num="51" count="1483" type="stmt"/>
        <line num="52" count="1483" type="stmt"/>
        <line num="53" count="1483" type="stmt"/>
        <line num="54" count="1483" type="stmt"/>
        <line num="55" count="1483" type="stmt"/>
        <line num="56" count="1483" type="stmt"/>
        <line num="57" count="1483" type="stmt"/>
        <line num="58" count="1483" type="stmt"/>
        <line num="59" count="1483" type="stmt"/>
        <line num="60" count="1483" type="stmt"/>
        <line num="61" count="1483" type="stmt"/>
        <line num="62" count="1483" type="stmt"/>
        <line num="63" count="1483" type="stmt"/>
        <line num="64" count="1483" type="stmt"/>
        <line num="65" count="1483" type="stmt"/>
        <line num="66" count="1483" type="stmt"/>
        <line num="67" count="1483" type="stmt"/>
        <line num="68" count="1483" type="stmt"/>
        <line num="69" count="1483" type="stmt"/>
        <line num="70" count="1483" type="stmt"/>
        <line num="71" count="1483" type="stmt"/>
        <line num="72" count="1483" type="stmt"/>
        <line num="73" count="1483" type="stmt"/>
        <line num="74" count="1483" type="stmt"/>
        <line num="75" count="1483" type="cond" truecount="2" falsecount="0"/>
        <line num="76" count="1483" type="stmt"/>
        <line num="77" count="1483" type="stmt"/>
        <line num="78" count="1483" type="stmt"/>
        <line num="79" count="1483" type="stmt"/>
        <line num="80" count="1483" type="stmt"/>
        <line num="81" count="1483" type="stmt"/>
        <line num="82" count="1" type="stmt"/>
        <line num="83" count="1" type="stmt"/>
      </file>
    </package>
    <package name="src.views">
      <metrics statements="137" coveredstatements="126" conditionals="56" coveredconditionals="51" methods="6" coveredmethods="6"/>
      <file name="Calculator.jsx" path="C:\Users\andre\Desktop\Chuy\U\WEB\Calculator\src\views\Calculator.jsx">
        <metrics statements="137" coveredstatements="126" conditionals="56" coveredconditionals="51" methods="6" coveredmethods="6"/>
        <line num="1" count="1" type="stmt"/>
        <line num="2" count="1" type="stmt"/>
        <line num="3" count="1" type="stmt"/>
        <line num="4" count="1" type="stmt"/>
        <line num="5" count="1" type="stmt"/>
        <line num="6" count="1" type="stmt"/>
        <line num="7" count="1" type="stmt"/>
        <line num="8" count="1" type="stmt"/>
        <line num="9" count="1" type="stmt"/>
        <line num="10" count="1" type="stmt"/>
        <line num="11" count="1" type="stmt"/>
        <line num="12" count="1" type="stmt"/>
        <line num="13" count="1" type="stmt"/>
        <line num="14" count="1" type="stmt"/>
        <line num="15" count="1" type="stmt"/>
        <line num="16" count="1" type="stmt"/>
        <line num="17" count="1" type="stmt"/>
        <line num="18" count="74" type="cond" truecount="1" falsecount="0"/>
        <line num="19" count="74" type="stmt"/>
        <line num="20" count="74" type="stmt"/>
        <line num="21" count="74" type="stmt"/>
        <line num="22" count="74" type="stmt"/>
        <line num="23" count="74" type="stmt"/>
        <line num="24" count="74" type="stmt"/>
        <line num="25" count="74" type="cond" truecount="1" falsecount="0"/>
        <line num="26" count="46" type="cond" truecount="2" falsecount="0"/>
        <line num="27" count="32" type="cond" truecount="1" falsecount="0"/>
        <line num="28" count="46" type="cond" truecount="3" falsecount="0"/>
        <line num="29" count="12" type="cond" truecount="1" falsecount="0"/>
        <line num="30" count="14" type="cond" truecount="1" falsecount="0"/>
        <line num="31" count="2" type="stmt"/>
        <line num="32" count="2" type="stmt"/>
        <line num="33" count="46" type="stmt"/>
        <line num="34" count="74" type="stmt"/>
        <line num="35" count="74" type="cond" truecount="1" falsecount="0"/>
        <line num="36" count="19" type="cond" truecount="4" falsecount="0"/>
        <line num="37" count="11" type="stmt"/>
        <line num="38" count="11" type="cond" truecount="1" falsecount="0"/>
        <line num="39" count="5" type="stmt"/>
        <line num="40" count="5" type="stmt"/>
        <line num="41" count="19" type="cond" truecount="1" falsecount="1"/>
        <line num="42" count="0" type="stmt"/>
        <line num="43" count="8" type="cond" truecount="0" falsecount="1"/>
        <line num="44" count="0" type="stmt"/>
        <line num="45" count="0" type="stmt"/>
        <line num="46" count="0" type="stmt"/>
        <line num="47" count="0" type="stmt"/>
        <line num="48" count="0" type="stmt"/>
        <line num="49" count="8" type="cond" truecount="1" falsecount="0"/>
        <line num="50" count="1" type="cond" truecount="0" falsecount="1"/>
        <line num="51" count="1" type="cond" truecount="1" falsecount="0"/>
        <line num="52" count="1" type="cond" truecount="0" falsecount="1"/>
        <line num="53" count="0" type="stmt"/>
        <line num="54" count="0" type="stmt"/>
        <line num="55" count="0" type="stmt"/>
        <line num="56" count="0" type="stmt"/>
        <line num="57" count="8" type="cond" truecount="1" falsecount="0"/>
        <line num="58" count="7" type="stmt"/>
        <line num="59" count="7" type="stmt"/>
        <line num="60" count="19" type="stmt"/>
        <line num="61" count="74" type="stmt"/>
        <line num="62" count="74" type="cond" truecount="1" falsecount="0"/>
        <line num="63" count="11" type="cond" truecount="2" falsecount="0"/>
        <line num="64" count="1" type="stmt"/>
        <line num="65" count="1" type="stmt"/>
        <line num="66" count="1" type="stmt"/>
        <line num="67" count="1" type="cond" truecount="1" falsecount="0"/>
        <line num="68" count="10" type="stmt"/>
        <line num="69" count="11" type="cond" truecount="2" falsecount="0"/>
        <line num="70" count="10" type="stmt"/>
        <line num="71" count="10" type="stmt"/>
        <line num="72" count="10" type="cond" truecount="1" falsecount="0"/>
        <line num="73" count="1" type="stmt"/>
        <line num="74" count="1" type="stmt"/>
        <line num="75" count="10" type="cond" truecount="1" falsecount="0"/>
        <line num="76" count="3" type="stmt"/>
        <line num="77" count="3" type="stmt"/>
        <line num="78" count="10" type="cond" truecount="1" falsecount="0"/>
        <line num="79" count="1" type="stmt"/>
        <line num="80" count="1" type="stmt"/>
        <line num="81" count="10" type="cond" truecount="1" falsecount="0"/>
        <line num="82" count="3" type="stmt"/>
        <line num="83" count="3" type="stmt"/>
        <line num="84" count="10" type="cond" truecount="1" falsecount="0"/>
        <line num="85" count="2" type="stmt"/>
        <line num="86" count="2" type="stmt"/>
        <line num="87" count="10" type="cond" truecount="0" falsecount="1"/>
        <line num="88" count="0" type="stmt"/>
        <line num="89" count="10" type="stmt"/>
        <line num="90" count="10" type="stmt"/>
        <line num="91" count="10" type="cond" truecount="1" falsecount="0"/>
        <line num="92" count="2" type="stmt"/>
        <line num="93" count="2" type="stmt"/>
        <line num="94" count="10" type="cond" truecount="2" falsecount="0"/>
        <line num="95" count="1" type="stmt"/>
        <line num="96" count="1" type="stmt"/>
        <line num="97" count="8" type="cond" truecount="1" falsecount="0"/>
        <line num="98" count="7" type="stmt"/>
        <line num="99" count="7" type="stmt"/>
        <line num="100" count="7" type="stmt"/>
        <line num="101" count="7" type="stmt"/>
        <line num="102" count="7" type="stmt"/>
        <line num="103" count="7" type="stmt"/>
        <line num="104" count="10" type="stmt"/>
        <line num="105" count="11" type="stmt"/>
        <line num="106" count="74" type="stmt"/>
        <line num="107" count="74" type="cond" truecount="1" falsecount="0"/>
        <line num="108" count="4" type="stmt"/>
        <line num="109" count="4" type="stmt"/>
        <line num="110" count="4" type="stmt"/>
        <line num="111" count="4" type="stmt"/>
        <line num="112" count="4" type="stmt"/>
        <line num="113" count="74" type="stmt"/>
        <line num="114" count="74" type="stmt"/>
        <line num="115" count="74" type="stmt"/>
        <line num="116" count="74" type="stmt"/>
        <line num="117" count="74" type="cond" truecount="6" falsecount="0"/>
        <line num="118" count="74" type="stmt"/>
        <line num="119" count="74" type="stmt"/>
        <line num="120" count="74" type="cond" truecount="1" falsecount="0"/>
        <line num="121" count="1480" type="stmt"/>
        <line num="122" count="1480" type="stmt"/>
        <line num="123" count="1480" type="stmt"/>
        <line num="124" count="1480" type="cond" truecount="1" falsecount="0"/>
        <line num="125" count="65" type="cond" truecount="6" falsecount="0"/>
        <line num="126" count="19" type="cond" truecount="1" falsecount="0"/>
        <line num="127" count="46" type="stmt"/>
        <line num="128" count="65" type="stmt"/>
        <line num="129" count="1480" type="stmt"/>
        <line num="130" count="1480" type="stmt"/>
        <line num="131" count="74" type="stmt"/>
        <line num="132" count="74" type="stmt"/>
        <line num="133" count="74" type="stmt"/>
        <line num="134" count="74" type="stmt"/>
        <line num="135" count="74" type="stmt"/>
        <line num="136" count="1" type="stmt"/>
        <line num="137" count="1" type="stmt"/>
      </file>
    </package>
  </project>
</coverage>
