{"C:\\Users\\andre\\Desktop\\Chuy\\U\\WEB\\Calculator\\src\\App.jsx": {"path":"C:\\Users\\andre\\Desktop\\Chuy\\U\\WEB\\Calculator\\src\\App.jsx","all":true,"statementMap":{"0":{"start":{"line":1,"column":0},"end":{"line":1,"column":43}},"1":{"start":{"line":2,"column":0},"end":{"line":2,"column":24}},"2":{"start":{"line":3,"column":0},"end":{"line":3,"column":0}},"3":{"start":{"line":4,"column":0},"end":{"line":4,"column":16}},"4":{"start":{"line":5,"column":0},"end":{"line":5,"column":0}},"5":{"start":{"line":6,"column":0},"end":{"line":6,"column":10}},"6":{"start":{"line":7,"column":0},"end":{"line":7,"column":18}},"7":{"start":{"line":8,"column":0},"end":{"line":8,"column":3}},"8":{"start":{"line":9,"column":0},"end":{"line":9,"column":1}},"9":{"start":{"line":10,"column":0},"end":{"line":10,"column":0}},"10":{"start":{"line":11,"column":0},"end":{"line":11,"column":18}}},"s":{"0":0,"1":0,"2":0,"3":0,"4":0,"5":0,"6":0,"7":0,"8":0,"9":0,"10":0},"branchMap":{"0":{"type":"branch","line":1,"loc":{"start":{"line":1,"column":143},"end":{"line":11,"column":18}},"locations":[{"start":{"line":1,"column":143},"end":{"line":11,"column":18}}]}},"b":{"0":[0]},"fnMap":{"0":{"name":"(empty-report)","decl":{"start":{"line":1,"column":143},"end":{"line":11,"column":18}},"loc":{"start":{"line":1,"column":143},"end":{"line":11,"column":18}},"line":1}},"f":{"0":0}}
,"C:\\Users\\andre\\Desktop\\Chuy\\U\\WEB\\Calculator\\src\\main.jsx": {"path":"C:\\Users\\andre\\Desktop\\Chuy\\U\\WEB\\Calculator\\src\\main.jsx","all":true,"statementMap":{"0":{"start":{"line":1,"column":0},"end":{"line":1,"column":25}},"1":{"start":{"line":2,"column":0},"end":{"line":2,"column":39}},"2":{"start":{"line":3,"column":0},"end":{"line":3,"column":27}},"3":{"start":{"line":4,"column":0},"end":{"line":4,"column":30}},"4":{"start":{"line":5,"column":0},"end":{"line":5,"column":0}},"5":{"start":{"line":6,"column":0},"end":{"line":6,"column":60}},"6":{"start":{"line":7,"column":0},"end":{"line":7,"column":20}},"7":{"start":{"line":8,"column":0},"end":{"line":8,"column":11}},"8":{"start":{"line":9,"column":0},"end":{"line":9,"column":22}},"9":{"start":{"line":10,"column":0},"end":{"line":10,"column":1}}},"s":{"0":0,"1":0,"2":0,"3":0,"4":0,"5":0,"6":0,"7":0,"8":0,"9":0},"branchMap":{"0":{"type":"branch","line":1,"loc":{"start":{"line":1,"column":244},"end":{"line":10,"column":1}},"locations":[{"start":{"line":1,"column":244},"end":{"line":10,"column":1}}]}},"b":{"0":[0]},"fnMap":{"0":{"name":"(empty-report)","decl":{"start":{"line":1,"column":244},"end":{"line":10,"column":1}},"loc":{"start":{"line":1,"column":244},"end":{"line":10,"column":1}},"line":1}},"f":{"0":0}}
,"C:\\Users\\andre\\Desktop\\Chuy\\U\\WEB\\Calculator\\src\\Scripts\\calcController.js": {"path":"C:\\Users\\andre\\Desktop\\Chuy\\U\\WEB\\Calculator\\src\\Scripts\\calcController.js","all":false,"statementMap":{"0":{"start":{"line":1,"column":0},"end":{"line":1,"column":41}},"1":{"start":{"line":2,"column":0},"end":{"line":2,"column":30}},"2":{"start":{"line":3,"column":0},"end":{"line":3,"column":1}},"3":{"start":{"line":4,"column":0},"end":{"line":4,"column":0}},"4":{"start":{"line":5,"column":0},"end":{"line":5,"column":33}},"5":{"start":{"line":6,"column":0},"end":{"line":6,"column":19}},"6":{"start":{"line":7,"column":0},"end":{"line":7,"column":1}},"7":{"start":{"line":8,"column":0},"end":{"line":8,"column":0}},"8":{"start":{"line":9,"column":0},"end":{"line":9,"column":31}},"9":{"start":{"line":10,"column":0},"end":{"line":10,"column":42}},"10":{"start":{"line":11,"column":0},"end":{"line":11,"column":1}},"11":{"start":{"line":12,"column":0},"end":{"line":12,"column":0}},"12":{"start":{"line":13,"column":0},"end":{"line":13,"column":32}},"13":{"start":{"line":14,"column":0},"end":{"line":14,"column":32}},"14":{"start":{"line":15,"column":0},"end":{"line":15,"column":28}},"15":{"start":{"line":16,"column":0},"end":{"line":16,"column":5}},"16":{"start":{"line":17,"column":0},"end":{"line":17,"column":21}},"17":{"start":{"line":18,"column":0},"end":{"line":18,"column":1}},"18":{"start":{"line":19,"column":0},"end":{"line":19,"column":0}},"19":{"start":{"line":20,"column":0},"end":{"line":20,"column":42}},"20":{"start":{"line":21,"column":0},"end":{"line":21,"column":26}},"21":{"start":{"line":22,"column":0},"end":{"line":22,"column":19}},"22":{"start":{"line":23,"column":0},"end":{"line":23,"column":5}},"23":{"start":{"line":24,"column":0},"end":{"line":24,"column":4}},"24":{"start":{"line":25,"column":0},"end":{"line":25,"column":23}},"25":{"start":{"line":26,"column":0},"end":{"line":26,"column":1}},"26":{"start":{"line":27,"column":0},"end":{"line":27,"column":0}},"27":{"start":{"line":28,"column":0},"end":{"line":28,"column":34}},"28":{"start":{"line":29,"column":0},"end":{"line":29,"column":52}},"29":{"start":{"line":30,"column":0},"end":{"line":30,"column":1}},"30":{"start":{"line":31,"column":0},"end":{"line":31,"column":0}},"31":{"start":{"line":32,"column":0},"end":{"line":32,"column":33}},"32":{"start":{"line":33,"column":0},"end":{"line":33,"column":39}},"33":{"start":{"line":34,"column":0},"end":{"line":34,"column":1}},"34":{"start":{"line":35,"column":0},"end":{"line":35,"column":0}},"35":{"start":{"line":36,"column":0},"end":{"line":36,"column":38}},"36":{"start":{"line":37,"column":0},"end":{"line":37,"column":39}},"37":{"start":{"line":38,"column":0},"end":{"line":38,"column":1}},"38":{"start":{"line":39,"column":0},"end":{"line":39,"column":0}},"39":{"start":{"line":40,"column":0},"end":{"line":40,"column":38}},"40":{"start":{"line":41,"column":0},"end":{"line":41,"column":39}},"41":{"start":{"line":42,"column":0},"end":{"line":42,"column":1}},"42":{"start":{"line":43,"column":0},"end":{"line":43,"column":0}},"43":{"start":{"line":44,"column":0},"end":{"line":44,"column":36}},"44":{"start":{"line":45,"column":0},"end":{"line":45,"column":29}},"45":{"start":{"line":46,"column":0},"end":{"line":46,"column":41}},"46":{"start":{"line":47,"column":0},"end":{"line":47,"column":17}},"47":{"start":{"line":48,"column":0},"end":{"line":48,"column":5}},"48":{"start":{"line":49,"column":0},"end":{"line":49,"column":39}},"49":{"start":{"line":50,"column":0},"end":{"line":50,"column":1}},"50":{"start":{"line":51,"column":0},"end":{"line":51,"column":0}},"51":{"start":{"line":52,"column":0},"end":{"line":52,"column":34}},"52":{"start":{"line":53,"column":0},"end":{"line":53,"column":31}},"53":{"start":{"line":54,"column":0},"end":{"line":54,"column":1}},"54":{"start":{"line":55,"column":0},"end":{"line":55,"column":0}},"55":{"start":{"line":56,"column":0},"end":{"line":56,"column":32}},"56":{"start":{"line":57,"column":0},"end":{"line":57,"column":43}},"57":{"start":{"line":58,"column":0},"end":{"line":58,"column":1}},"58":{"start":{"line":59,"column":0},"end":{"line":59,"column":0}},"59":{"start":{"line":60,"column":0},"end":{"line":60,"column":50}},"60":{"start":{"line":61,"column":0},"end":{"line":61,"column":58}},"61":{"start":{"line":62,"column":0},"end":{"line":62,"column":1}}},"s":{"0":1,"1":59,"2":59,"3":1,"4":1,"5":10,"6":10,"7":1,"8":1,"9":24,"10":24,"11":1,"12":1,"13":3,"14":1,"15":1,"16":2,"17":2,"18":1,"19":1,"20":46,"21":21,"22":21,"23":25,"24":25,"25":25,"26":1,"27":1,"28":83,"29":83,"30":1,"31":1,"32":4,"33":4,"34":1,"35":1,"36":5,"37":5,"38":1,"39":1,"40":3,"41":3,"42":1,"43":1,"44":5,"45":1,"46":1,"47":1,"48":4,"49":4,"50":1,"51":1,"52":4,"53":4,"54":1,"55":1,"56":2,"57":2,"58":1,"59":1,"60":2,"61":2},"branchMap":{"0":{"type":"branch","line":1,"loc":{"start":{"line":1,"column":7},"end":{"line":3,"column":1}},"locations":[{"start":{"line":1,"column":7},"end":{"line":3,"column":1}}]},"1":{"type":"branch","line":5,"loc":{"start":{"line":5,"column":7},"end":{"line":7,"column":1}},"locations":[{"start":{"line":5,"column":7},"end":{"line":7,"column":1}}]},"2":{"type":"branch","line":9,"loc":{"start":{"line":9,"column":7},"end":{"line":11,"column":1}},"locations":[{"start":{"line":9,"column":7},"end":{"line":11,"column":1}}]},"3":{"type":"branch","line":13,"loc":{"start":{"line":13,"column":7},"end":{"line":18,"column":1}},"locations":[{"start":{"line":13,"column":7},"end":{"line":18,"column":1}}]},"4":{"type":"branch","line":14,"loc":{"start":{"line":14,"column":31},"end":{"line":18,"column":1}},"locations":[{"start":{"line":14,"column":31},"end":{"line":18,"column":1}}]},"5":{"type":"branch","line":14,"loc":{"start":{"line":14,"column":31},"end":{"line":16,"column":5}},"locations":[{"start":{"line":14,"column":31},"end":{"line":16,"column":5}}]},"6":{"type":"branch","line":20,"loc":{"start":{"line":20,"column":7},"end":{"line":26,"column":1}},"locations":[{"start":{"line":20,"column":7},"end":{"line":26,"column":1}}]},"7":{"type":"branch","line":21,"loc":{"start":{"line":21,"column":25},"end":{"line":26,"column":1}},"locations":[{"start":{"line":21,"column":25},"end":{"line":26,"column":1}}]},"8":{"type":"branch","line":21,"loc":{"start":{"line":21,"column":25},"end":{"line":23,"column":5}},"locations":[{"start":{"line":21,"column":25},"end":{"line":23,"column":5}}]},"9":{"type":"branch","line":24,"loc":{"start":{"line":24,"column":-2},"end":{"line":26,"column":1}},"locations":[{"start":{"line":24,"column":-2},"end":{"line":26,"column":1}}]},"10":{"type":"branch","line":28,"loc":{"start":{"line":28,"column":7},"end":{"line":30,"column":1}},"locations":[{"start":{"line":28,"column":7},"end":{"line":30,"column":1}}]},"11":{"type":"branch","line":32,"loc":{"start":{"line":32,"column":7},"end":{"line":34,"column":1}},"locations":[{"start":{"line":32,"column":7},"end":{"line":34,"column":1}}]},"12":{"type":"branch","line":36,"loc":{"start":{"line":36,"column":7},"end":{"line":38,"column":1}},"locations":[{"start":{"line":36,"column":7},"end":{"line":38,"column":1}}]},"13":{"type":"branch","line":40,"loc":{"start":{"line":40,"column":7},"end":{"line":42,"column":1}},"locations":[{"start":{"line":40,"column":7},"end":{"line":42,"column":1}}]},"14":{"type":"branch","line":44,"loc":{"start":{"line":44,"column":7},"end":{"line":50,"column":1}},"locations":[{"start":{"line":44,"column":7},"end":{"line":50,"column":1}}]},"15":{"type":"branch","line":45,"loc":{"start":{"line":45,"column":28},"end":{"line":48,"column":5}},"locations":[{"start":{"line":45,"column":28},"end":{"line":48,"column":5}}]},"16":{"type":"branch","line":49,"loc":{"start":{"line":49,"column":-2},"end":{"line":50,"column":1}},"locations":[{"start":{"line":49,"column":-2},"end":{"line":50,"column":1}}]},"17":{"type":"branch","line":52,"loc":{"start":{"line":52,"column":7},"end":{"line":54,"column":1}},"locations":[{"start":{"line":52,"column":7},"end":{"line":54,"column":1}}]},"18":{"type":"branch","line":56,"loc":{"start":{"line":56,"column":7},"end":{"line":58,"column":1}},"locations":[{"start":{"line":56,"column":7},"end":{"line":58,"column":1}}]},"19":{"type":"branch","line":60,"loc":{"start":{"line":60,"column":7},"end":{"line":62,"column":1}},"locations":[{"start":{"line":60,"column":7},"end":{"line":62,"column":1}}]},"20":{"type":"branch","line":61,"loc":{"start":{"line":61,"column":24},"end":{"line":61,"column":43}},"locations":[{"start":{"line":61,"column":24},"end":{"line":61,"column":43}}]},"21":{"type":"branch","line":61,"loc":{"start":{"line":61,"column":44},"end":{"line":61,"column":50}},"locations":[{"start":{"line":61,"column":44},"end":{"line":61,"column":50}}]},"22":{"type":"branch","line":61,"loc":{"start":{"line":61,"column":51},"end":{"line":61,"column":58}},"locations":[{"start":{"line":61,"column":51},"end":{"line":61,"column":58}}]}},"b":{"0":[59],"1":[10],"2":[24],"3":[3],"4":[2],"5":[1],"6":[46],"7":[45],"8":[21],"9":[25],"10":[83],"11":[4],"12":[5],"13":[3],"14":[5],"15":[1],"16":[4],"17":[4],"18":[2],"19":[2],"20":[1],"21":[1],"22":[1]},"fnMap":{"0":{"name":"lengthIsCorrect","decl":{"start":{"line":1,"column":7},"end":{"line":3,"column":1}},"loc":{"start":{"line":1,"column":7},"end":{"line":3,"column":1}},"line":1},"1":{"name":"isNegative","decl":{"start":{"line":5,"column":7},"end":{"line":7,"column":1}},"loc":{"start":{"line":5,"column":7},"end":{"line":7,"column":1}},"line":5},"2":{"name":"isNumber","decl":{"start":{"line":9,"column":7},"end":{"line":11,"column":1}},"loc":{"start":{"line":9,"column":7},"end":{"line":11,"column":1}},"line":9},"3":{"name":"plusMinus","decl":{"start":{"line":13,"column":7},"end":{"line":18,"column":1}},"loc":{"start":{"line":13,"column":7},"end":{"line":18,"column":1}},"line":13},"4":{"name":"appendNumber","decl":{"start":{"line":20,"column":7},"end":{"line":26,"column":1}},"loc":{"start":{"line":20,"column":7},"end":{"line":26,"column":1}},"line":20},"5":{"name":"isOperator","decl":{"start":{"line":28,"column":7},"end":{"line":30,"column":1}},"loc":{"start":{"line":28,"column":7},"end":{"line":30,"column":1}},"line":28},"6":{"name":"add","decl":{"start":{"line":32,"column":7},"end":{"line":34,"column":1}},"loc":{"start":{"line":32,"column":7},"end":{"line":34,"column":1}},"line":32},"7":{"name":"subtract","decl":{"start":{"line":36,"column":7},"end":{"line":38,"column":1}},"loc":{"start":{"line":36,"column":7},"end":{"line":38,"column":1}},"line":36},"8":{"name":"multiply","decl":{"start":{"line":40,"column":7},"end":{"line":42,"column":1}},"loc":{"start":{"line":40,"column":7},"end":{"line":42,"column":1}},"line":40},"9":{"name":"divide","decl":{"start":{"line":44,"column":7},"end":{"line":50,"column":1}},"loc":{"start":{"line":44,"column":7},"end":{"line":50,"column":1}},"line":44},"10":{"name":"power","decl":{"start":{"line":52,"column":7},"end":{"line":54,"column":1}},"loc":{"start":{"line":52,"column":7},"end":{"line":54,"column":1}},"line":52},"11":{"name":"deleteLast","decl":{"start":{"line":56,"column":7},"end":{"line":58,"column":1}},"loc":{"start":{"line":56,"column":7},"end":{"line":58,"column":1}},"line":56},"12":{"name":"usingFirstNumber","decl":{"start":{"line":60,"column":7},"end":{"line":62,"column":1}},"loc":{"start":{"line":60,"column":7},"end":{"line":62,"column":1}},"line":60}},"f":{"0":59,"1":10,"2":24,"3":3,"4":46,"5":83,"6":4,"7":5,"8":3,"9":5,"10":4,"11":2,"12":2}}
,"C:\\Users\\andre\\Desktop\\Chuy\\U\\WEB\\Calculator\\src\\components\\CalcButton.jsx": {"path":"C:\\Users\\andre\\Desktop\\Chuy\\U\\WEB\\Calculator\\src\\components\\CalcButton.jsx","all":false,"statementMap":{"0":{"start":{"line":1,"column":0},"end":{"line":1,"column":35}},"1":{"start":{"line":2,"column":0},"end":{"line":2,"column":0}},"2":{"start":{"line":3,"column":0},"end":{"line":3,"column":24}},"3":{"start":{"line":4,"column":0},"end":{"line":4,"column":41}},"4":{"start":{"line":5,"column":0},"end":{"line":5,"column":39}},"5":{"start":{"line":6,"column":0},"end":{"line":6,"column":46}},"6":{"start":{"line":7,"column":0},"end":{"line":7,"column":2}},"7":{"start":{"line":8,"column":0},"end":{"line":8,"column":0}},"8":{"start":{"line":9,"column":0},"end":{"line":9,"column":55}},"9":{"start":{"line":10,"column":0},"end":{"line":10,"column":26}},"10":{"start":{"line":11,"column":0},"end":{"line":11,"column":14}},"11":{"start":{"line":12,"column":0},"end":{"line":12,"column":28}},"12":{"start":{"line":13,"column":0},"end":{"line":13,"column":10}},"13":{"start":{"line":14,"column":0},"end":{"line":14,"column":16}},"14":{"start":{"line":15,"column":0},"end":{"line":15,"column":28}},"15":{"start":{"line":16,"column":0},"end":{"line":16,"column":10}},"16":{"start":{"line":17,"column":0},"end":{"line":17,"column":16}},"17":{"start":{"line":18,"column":0},"end":{"line":18,"column":28}},"18":{"start":{"line":19,"column":0},"end":{"line":19,"column":10}},"19":{"start":{"line":20,"column":0},"end":{"line":20,"column":14}},"20":{"start":{"line":21,"column":0},"end":{"line":21,"column":36}},"21":{"start":{"line":22,"column":0},"end":{"line":22,"column":10}},"22":{"start":{"line":23,"column":0},"end":{"line":23,"column":14}},"23":{"start":{"line":24,"column":0},"end":{"line":24,"column":36}},"24":{"start":{"line":25,"column":0},"end":{"line":25,"column":10}},"25":{"start":{"line":26,"column":0},"end":{"line":26,"column":14}},"26":{"start":{"line":27,"column":0},"end":{"line":27,"column":36}},"27":{"start":{"line":28,"column":0},"end":{"line":28,"column":10}},"28":{"start":{"line":29,"column":0},"end":{"line":29,"column":14}},"29":{"start":{"line":30,"column":0},"end":{"line":30,"column":36}},"30":{"start":{"line":31,"column":0},"end":{"line":31,"column":10}},"31":{"start":{"line":32,"column":0},"end":{"line":32,"column":14}},"32":{"start":{"line":33,"column":0},"end":{"line":33,"column":36}},"33":{"start":{"line":34,"column":0},"end":{"line":34,"column":10}},"34":{"start":{"line":35,"column":0},"end":{"line":35,"column":14}},"35":{"start":{"line":36,"column":0},"end":{"line":36,"column":36}},"36":{"start":{"line":37,"column":0},"end":{"line":37,"column":10}},"37":{"start":{"line":38,"column":0},"end":{"line":38,"column":14}},"38":{"start":{"line":39,"column":0},"end":{"line":39,"column":33}},"39":{"start":{"line":40,"column":0},"end":{"line":40,"column":10}},"40":{"start":{"line":41,"column":0},"end":{"line":41,"column":14}},"41":{"start":{"line":42,"column":0},"end":{"line":42,"column":33}},"42":{"start":{"line":43,"column":0},"end":{"line":43,"column":10}},"43":{"start":{"line":44,"column":0},"end":{"line":44,"column":14}},"44":{"start":{"line":45,"column":0},"end":{"line":45,"column":33}},"45":{"start":{"line":46,"column":0},"end":{"line":46,"column":10}},"46":{"start":{"line":47,"column":0},"end":{"line":47,"column":14}},"47":{"start":{"line":48,"column":0},"end":{"line":48,"column":33}},"48":{"start":{"line":49,"column":0},"end":{"line":49,"column":10}},"49":{"start":{"line":50,"column":0},"end":{"line":50,"column":14}},"50":{"start":{"line":51,"column":0},"end":{"line":51,"column":33}},"51":{"start":{"line":52,"column":0},"end":{"line":52,"column":10}},"52":{"start":{"line":53,"column":0},"end":{"line":53,"column":14}},"53":{"start":{"line":54,"column":0},"end":{"line":54,"column":33}},"54":{"start":{"line":55,"column":0},"end":{"line":55,"column":10}},"55":{"start":{"line":56,"column":0},"end":{"line":56,"column":14}},"56":{"start":{"line":57,"column":0},"end":{"line":57,"column":33}},"57":{"start":{"line":58,"column":0},"end":{"line":58,"column":10}},"58":{"start":{"line":59,"column":0},"end":{"line":59,"column":14}},"59":{"start":{"line":60,"column":0},"end":{"line":60,"column":33}},"60":{"start":{"line":61,"column":0},"end":{"line":61,"column":10}},"61":{"start":{"line":62,"column":0},"end":{"line":62,"column":14}},"62":{"start":{"line":63,"column":0},"end":{"line":63,"column":33}},"63":{"start":{"line":64,"column":0},"end":{"line":64,"column":10}},"64":{"start":{"line":65,"column":0},"end":{"line":65,"column":14}},"65":{"start":{"line":66,"column":0},"end":{"line":66,"column":33}},"66":{"start":{"line":67,"column":0},"end":{"line":67,"column":10}},"67":{"start":{"line":68,"column":0},"end":{"line":68,"column":14}},"68":{"start":{"line":69,"column":0},"end":{"line":69,"column":33}},"69":{"start":{"line":70,"column":0},"end":{"line":70,"column":9}},"70":{"start":{"line":71,"column":0},"end":{"line":71,"column":6}},"71":{"start":{"line":72,"column":0},"end":{"line":72,"column":0}},"72":{"start":{"line":73,"column":0},"end":{"line":73,"column":12}},"73":{"start":{"line":74,"column":0},"end":{"line":74,"column":15}},"74":{"start":{"line":75,"column":0},"end":{"line":75,"column":71}},"75":{"start":{"line":76,"column":0},"end":{"line":76,"column":29}},"76":{"start":{"line":77,"column":0},"end":{"line":77,"column":46}},"77":{"start":{"line":78,"column":0},"end":{"line":78,"column":12}},"78":{"start":{"line":79,"column":0},"end":{"line":79,"column":17}},"79":{"start":{"line":80,"column":0},"end":{"line":80,"column":6}},"80":{"start":{"line":81,"column":0},"end":{"line":81,"column":1}},"81":{"start":{"line":82,"column":0},"end":{"line":82,"column":0}},"82":{"start":{"line":83,"column":0},"end":{"line":83,"column":26}}},"s":{"0":1,"1":1,"2":1,"3":1,"4":1,"5":1,"6":1,"7":1,"8":1483,"9":1483,"10":1483,"11":1483,"12":1483,"13":1483,"14":1483,"15":1483,"16":1483,"17":1483,"18":1483,"19":1483,"20":1483,"21":1483,"22":1483,"23":1483,"24":1483,"25":1483,"26":1483,"27":1483,"28":1483,"29":1483,"30":1483,"31":1483,"32":1483,"33":1483,"34":1483,"35":1483,"36":1483,"37":1483,"38":1483,"39":1483,"40":1483,"41":1483,"42":1483,"43":1483,"44":1483,"45":1483,"46":1483,"47":1483,"48":1483,"49":1483,"50":1483,"51":1483,"52":1483,"53":1483,"54":1483,"55":1483,"56":1483,"57":1483,"58":1483,"59":1483,"60":1483,"61":1483,"62":1483,"63":1483,"64":1483,"65":1483,"66":1483,"67":1483,"68":1483,"69":1483,"70":1483,"71":1483,"72":1483,"73":1483,"74":1483,"75":1483,"76":1483,"77":1483,"78":1483,"79":1483,"80":1483,"81":1,"82":1},"branchMap":{"0":{"type":"branch","line":9,"loc":{"start":{"line":9,"column":0},"end":{"line":81,"column":1}},"locations":[{"start":{"line":9,"column":0},"end":{"line":81,"column":1}}]},"1":{"type":"branch","line":75,"loc":{"start":{"line":75,"column":43},"end":{"line":75,"column":55}},"locations":[{"start":{"line":75,"column":43},"end":{"line":75,"column":55}}]},"2":{"type":"branch","line":75,"loc":{"start":{"line":75,"column":46},"end":{"line":75,"column":71}},"locations":[{"start":{"line":75,"column":46},"end":{"line":75,"column":71}}]}},"b":{"0":[1483],"1":[1481],"2":[1]},"fnMap":{"0":{"name":"CalcButton","decl":{"start":{"line":9,"column":0},"end":{"line":81,"column":1}},"loc":{"start":{"line":9,"column":0},"end":{"line":81,"column":1}},"line":9}},"f":{"0":1483}}
,"C:\\Users\\andre\\Desktop\\Chuy\\U\\WEB\\Calculator\\src\\views\\Calculator.jsx": {"path":"C:\\Users\\andre\\Desktop\\Chuy\\U\\WEB\\Calculator\\src\\views\\Calculator.jsx","all":false,"statementMap":{"0":{"start":{"line":1,"column":0},"end":{"line":1,"column":33}},"1":{"start":{"line":2,"column":0},"end":{"line":2,"column":52}},"2":{"start":{"line":3,"column":0},"end":{"line":3,"column":8}},"3":{"start":{"line":4,"column":0},"end":{"line":4,"column":20}},"4":{"start":{"line":5,"column":0},"end":{"line":5,"column":15}},"5":{"start":{"line":6,"column":0},"end":{"line":6,"column":15}},"6":{"start":{"line":7,"column":0},"end":{"line":7,"column":8}},"7":{"start":{"line":8,"column":0},"end":{"line":8,"column":13}},"8":{"start":{"line":9,"column":0},"end":{"line":9,"column":13}},"9":{"start":{"line":10,"column":0},"end":{"line":10,"column":11}},"10":{"start":{"line":11,"column":0},"end":{"line":11,"column":10}},"11":{"start":{"line":12,"column":0},"end":{"line":12,"column":15}},"12":{"start":{"line":13,"column":0},"end":{"line":13,"column":17}},"13":{"start":{"line":14,"column":0},"end":{"line":14,"column":13}},"14":{"start":{"line":15,"column":0},"end":{"line":15,"column":36}},"15":{"start":{"line":16,"column":0},"end":{"line":16,"column":53}},"16":{"start":{"line":17,"column":0},"end":{"line":17,"column":0}},"17":{"start":{"line":18,"column":0},"end":{"line":18,"column":23}},"18":{"start":{"line":19,"column":0},"end":{"line":19,"column":0}},"19":{"start":{"line":20,"column":0},"end":{"line":20,"column":56}},"20":{"start":{"line":21,"column":0},"end":{"line":21,"column":51}},"21":{"start":{"line":22,"column":0},"end":{"line":22,"column":57}},"22":{"start":{"line":23,"column":0},"end":{"line":23,"column":45}},"23":{"start":{"line":24,"column":0},"end":{"line":24,"column":0}},"24":{"start":{"line":25,"column":0},"end":{"line":25,"column":43}},"25":{"start":{"line":26,"column":0},"end":{"line":26,"column":69}},"26":{"start":{"line":27,"column":0},"end":{"line":27,"column":65}},"27":{"start":{"line":28,"column":0},"end":{"line":28,"column":77}},"28":{"start":{"line":29,"column":0},"end":{"line":29,"column":66}},"29":{"start":{"line":30,"column":0},"end":{"line":30,"column":16}},"30":{"start":{"line":31,"column":0},"end":{"line":31,"column":54}},"31":{"start":{"line":32,"column":0},"end":{"line":32,"column":9}},"32":{"start":{"line":33,"column":0},"end":{"line":33,"column":6}},"33":{"start":{"line":34,"column":0},"end":{"line":34,"column":0}},"34":{"start":{"line":35,"column":0},"end":{"line":35,"column":42}},"35":{"start":{"line":36,"column":0},"end":{"line":36,"column":76}},"36":{"start":{"line":37,"column":0},"end":{"line":37,"column":33}},"37":{"start":{"line":38,"column":0},"end":{"line":38,"column":29}},"38":{"start":{"line":39,"column":0},"end":{"line":39,"column":33}},"39":{"start":{"line":40,"column":0},"end":{"line":40,"column":13}},"40":{"start":{"line":41,"column":0},"end":{"line":41,"column":32}},"41":{"start":{"line":42,"column":0},"end":{"line":42,"column":30}},"42":{"start":{"line":43,"column":0},"end":{"line":43,"column":34}},"43":{"start":{"line":44,"column":0},"end":{"line":44,"column":35}},"44":{"start":{"line":45,"column":0},"end":{"line":45,"column":59}},"45":{"start":{"line":46,"column":0},"end":{"line":46,"column":20}},"46":{"start":{"line":47,"column":0},"end":{"line":47,"column":60}},"47":{"start":{"line":48,"column":0},"end":{"line":48,"column":13}},"48":{"start":{"line":49,"column":0},"end":{"line":49,"column":34}},"49":{"start":{"line":50,"column":0},"end":{"line":50,"column":124}},"50":{"start":{"line":51,"column":0},"end":{"line":51,"column":58}},"51":{"start":{"line":52,"column":0},"end":{"line":52,"column":131}},"52":{"start":{"line":53,"column":0},"end":{"line":53,"column":59}},"53":{"start":{"line":54,"column":0},"end":{"line":54,"column":20}},"54":{"start":{"line":55,"column":0},"end":{"line":55,"column":58}},"55":{"start":{"line":56,"column":0},"end":{"line":56,"column":13}},"56":{"start":{"line":57,"column":0},"end":{"line":57,"column":16}},"57":{"start":{"line":58,"column":0},"end":{"line":58,"column":29}},"58":{"start":{"line":59,"column":0},"end":{"line":59,"column":9}},"59":{"start":{"line":60,"column":0},"end":{"line":60,"column":6}},"60":{"start":{"line":61,"column":0},"end":{"line":61,"column":0}},"61":{"start":{"line":62,"column":0},"end":{"line":62,"column":38}},"62":{"start":{"line":63,"column":0},"end":{"line":63,"column":65}},"63":{"start":{"line":64,"column":0},"end":{"line":64,"column":48}},"64":{"start":{"line":65,"column":0},"end":{"line":65,"column":30}},"65":{"start":{"line":66,"column":0},"end":{"line":66,"column":19}},"66":{"start":{"line":67,"column":0},"end":{"line":67,"column":9}},"67":{"start":{"line":68,"column":0},"end":{"line":68,"column":0}},"68":{"start":{"line":69,"column":0},"end":{"line":69,"column":55}},"69":{"start":{"line":70,"column":0},"end":{"line":70,"column":20}},"70":{"start":{"line":71,"column":0},"end":{"line":71,"column":32}},"71":{"start":{"line":72,"column":0},"end":{"line":72,"column":25}},"72":{"start":{"line":73,"column":0},"end":{"line":73,"column":57}},"73":{"start":{"line":74,"column":0},"end":{"line":74,"column":26}},"74":{"start":{"line":75,"column":0},"end":{"line":75,"column":25}},"75":{"start":{"line":76,"column":0},"end":{"line":76,"column":62}},"76":{"start":{"line":77,"column":0},"end":{"line":77,"column":26}},"77":{"start":{"line":78,"column":0},"end":{"line":78,"column":25}},"78":{"start":{"line":79,"column":0},"end":{"line":79,"column":62}},"79":{"start":{"line":80,"column":0},"end":{"line":80,"column":26}},"80":{"start":{"line":81,"column":0},"end":{"line":81,"column":25}},"81":{"start":{"line":82,"column":0},"end":{"line":82,"column":60}},"82":{"start":{"line":83,"column":0},"end":{"line":83,"column":26}},"83":{"start":{"line":84,"column":0},"end":{"line":84,"column":25}},"84":{"start":{"line":85,"column":0},"end":{"line":85,"column":59}},"85":{"start":{"line":86,"column":0},"end":{"line":86,"column":26}},"86":{"start":{"line":87,"column":0},"end":{"line":87,"column":24}},"87":{"start":{"line":88,"column":0},"end":{"line":88,"column":38}},"88":{"start":{"line":89,"column":0},"end":{"line":89,"column":13}},"89":{"start":{"line":90,"column":0},"end":{"line":90,"column":0}},"90":{"start":{"line":91,"column":0},"end":{"line":91,"column":45}},"91":{"start":{"line":92,"column":0},"end":{"line":92,"column":34}},"92":{"start":{"line":93,"column":0},"end":{"line":93,"column":83}},"93":{"start":{"line":94,"column":0},"end":{"line":94,"column":41}},"94":{"start":{"line":95,"column":0},"end":{"line":95,"column":34}},"95":{"start":{"line":96,"column":0},"end":{"line":96,"column":72}},"96":{"start":{"line":97,"column":0},"end":{"line":97,"column":20}},"97":{"start":{"line":98,"column":0},"end":{"line":98,"column":36}},"98":{"start":{"line":99,"column":0},"end":{"line":99,"column":41}},"99":{"start":{"line":100,"column":0},"end":{"line":100,"column":36}},"100":{"start":{"line":101,"column":0},"end":{"line":101,"column":33}},"101":{"start":{"line":102,"column":0},"end":{"line":102,"column":0}},"102":{"start":{"line":103,"column":0},"end":{"line":103,"column":13}},"103":{"start":{"line":104,"column":0},"end":{"line":104,"column":9}},"104":{"start":{"line":105,"column":0},"end":{"line":105,"column":6}},"105":{"start":{"line":106,"column":0},"end":{"line":106,"column":0}},"106":{"start":{"line":107,"column":0},"end":{"line":107,"column":35}},"107":{"start":{"line":108,"column":0},"end":{"line":108,"column":28}},"108":{"start":{"line":109,"column":0},"end":{"line":109,"column":28}},"109":{"start":{"line":110,"column":0},"end":{"line":110,"column":25}},"110":{"start":{"line":111,"column":0},"end":{"line":111,"column":22}},"111":{"start":{"line":112,"column":0},"end":{"line":112,"column":6}},"112":{"start":{"line":113,"column":0},"end":{"line":113,"column":0}},"113":{"start":{"line":114,"column":0},"end":{"line":114,"column":12}},"114":{"start":{"line":115,"column":0},"end":{"line":115,"column":45}},"115":{"start":{"line":116,"column":0},"end":{"line":116,"column":76}},"116":{"start":{"line":117,"column":0},"end":{"line":117,"column":111}},"117":{"start":{"line":118,"column":0},"end":{"line":118,"column":18}},"118":{"start":{"line":119,"column":0},"end":{"line":119,"column":38}},"119":{"start":{"line":120,"column":0},"end":{"line":120,"column":138}},"120":{"start":{"line":121,"column":0},"end":{"line":121,"column":31}},"121":{"start":{"line":122,"column":0},"end":{"line":122,"column":37}},"122":{"start":{"line":123,"column":0},"end":{"line":123,"column":41}},"123":{"start":{"line":124,"column":0},"end":{"line":124,"column":40}},"124":{"start":{"line":125,"column":0},"end":{"line":125,"column":146}},"125":{"start":{"line":126,"column":0},"end":{"line":126,"column":63}},"126":{"start":{"line":127,"column":0},"end":{"line":127,"column":60}},"127":{"start":{"line":128,"column":0},"end":{"line":128,"column":26}},"128":{"start":{"line":129,"column":0},"end":{"line":129,"column":75}},"129":{"start":{"line":130,"column":0},"end":{"line":130,"column":22}},"130":{"start":{"line":131,"column":0},"end":{"line":131,"column":19}},"131":{"start":{"line":132,"column":0},"end":{"line":132,"column":18}},"132":{"start":{"line":133,"column":0},"end":{"line":133,"column":14}},"133":{"start":{"line":134,"column":0},"end":{"line":134,"column":6}},"134":{"start":{"line":135,"column":0},"end":{"line":135,"column":1}},"135":{"start":{"line":136,"column":0},"end":{"line":136,"column":0}},"136":{"start":{"line":137,"column":0},"end":{"line":137,"column":26}}},"s":{"0":1,"1":1,"2":1,"3":1,"4":1,"5":1,"6":1,"7":1,"8":1,"9":1,"10":1,"11":1,"12":1,"13":1,"14":1,"15":1,"16":1,"17":74,"18":74,"19":74,"20":74,"21":74,"22":74,"23":74,"24":74,"25":46,"26":32,"27":46,"28":12,"29":14,"30":2,"31":2,"32":46,"33":74,"34":74,"35":19,"36":11,"37":11,"38":5,"39":5,"40":19,"41":0,"42":8,"43":0,"44":0,"45":0,"46":0,"47":0,"48":8,"49":1,"50":1,"51":1,"52":0,"53":0,"54":0,"55":0,"56":8,"57":7,"58":7,"59":19,"60":74,"61":74,"62":11,"63":1,"64":1,"65":1,"66":1,"67":10,"68":11,"69":10,"70":10,"71":10,"72":1,"73":1,"74":10,"75":3,"76":3,"77":10,"78":1,"79":1,"80":10,"81":3,"82":3,"83":10,"84":2,"85":2,"86":10,"87":0,"88":10,"89":10,"90":10,"91":2,"92":2,"93":10,"94":1,"95":1,"96":8,"97":7,"98":7,"99":7,"100":7,"101":7,"102":7,"103":10,"104":11,"105":74,"106":74,"107":4,"108":4,"109":4,"110":4,"111":4,"112":74,"113":74,"114":74,"115":74,"116":74,"117":74,"118":74,"119":74,"120":1480,"121":1480,"122":1480,"123":1480,"124":65,"125":19,"126":46,"127":65,"128":1480,"129":1480,"130":74,"131":74,"132":74,"133":74,"134":74,"135":1,"136":1},"branchMap":{"0":{"type":"branch","line":18,"loc":{"start":{"line":18,"column":0},"end":{"line":135,"column":1}},"locations":[{"start":{"line":18,"column":0},"end":{"line":135,"column":1}}]},"1":{"type":"branch","line":117,"loc":{"start":{"line":117,"column":18},"end":{"line":117,"column":48}},"locations":[{"start":{"line":117,"column":18},"end":{"line":117,"column":48}}]},"2":{"type":"branch","line":117,"loc":{"start":{"line":117,"column":34},"end":{"line":117,"column":99}},"locations":[{"start":{"line":117,"column":34},"end":{"line":117,"column":99}}]},"3":{"type":"branch","line":117,"loc":{"start":{"line":117,"column":48},"end":{"line":117,"column":75}},"locations":[{"start":{"line":117,"column":48},"end":{"line":117,"column":75}}]},"4":{"type":"branch","line":117,"loc":{"start":{"line":117,"column":59},"end":{"line":117,"column":84}},"locations":[{"start":{"line":117,"column":59},"end":{"line":117,"column":84}}]},"5":{"type":"branch","line":117,"loc":{"start":{"line":117,"column":75},"end":{"line":117,"column":99}},"locations":[{"start":{"line":117,"column":75},"end":{"line":117,"column":99}}]},"6":{"type":"branch","line":117,"loc":{"start":{"line":117,"column":84},"end":{"line":117,"column":111}},"locations":[{"start":{"line":117,"column":84},"end":{"line":117,"column":111}}]},"7":{"type":"branch","line":25,"loc":{"start":{"line":25,"column":30},"end":{"line":33,"column":6}},"locations":[{"start":{"line":25,"column":30},"end":{"line":33,"column":6}}]},"8":{"type":"branch","line":26,"loc":{"start":{"line":26,"column":26},"end":{"line":26,"column":68}},"locations":[{"start":{"line":26,"column":26},"end":{"line":26,"column":68}}]},"9":{"type":"branch","line":26,"loc":{"start":{"line":26,"column":68},"end":{"line":28,"column":19}},"locations":[{"start":{"line":26,"column":68},"end":{"line":28,"column":19}}]},"10":{"type":"branch","line":28,"loc":{"start":{"line":28,"column":8},"end":{"line":32,"column":9}},"locations":[{"start":{"line":28,"column":8},"end":{"line":32,"column":9}}]},"11":{"type":"branch","line":28,"loc":{"start":{"line":28,"column":33},"end":{"line":28,"column":76}},"locations":[{"start":{"line":28,"column":33},"end":{"line":28,"column":76}}]},"12":{"type":"branch","line":28,"loc":{"start":{"line":28,"column":76},"end":{"line":30,"column":15}},"locations":[{"start":{"line":28,"column":76},"end":{"line":30,"column":15}}]},"13":{"type":"branch","line":30,"loc":{"start":{"line":30,"column":8},"end":{"line":32,"column":9}},"locations":[{"start":{"line":30,"column":8},"end":{"line":32,"column":9}}]},"14":{"type":"branch","line":27,"loc":{"start":{"line":27,"column":27},"end":{"line":27,"column":63}},"locations":[{"start":{"line":27,"column":27},"end":{"line":27,"column":63}}]},"15":{"type":"branch","line":29,"loc":{"start":{"line":29,"column":28},"end":{"line":29,"column":64}},"locations":[{"start":{"line":29,"column":28},"end":{"line":29,"column":64}}]},"16":{"type":"branch","line":35,"loc":{"start":{"line":35,"column":33},"end":{"line":60,"column":6}},"locations":[{"start":{"line":35,"column":33},"end":{"line":60,"column":6}}]},"17":{"type":"branch","line":36,"loc":{"start":{"line":36,"column":19},"end":{"line":36,"column":75}},"locations":[{"start":{"line":36,"column":19},"end":{"line":36,"column":75}}]},"18":{"type":"branch","line":36,"loc":{"start":{"line":36,"column":40},"end":{"line":36,"column":60}},"locations":[{"start":{"line":36,"column":40},"end":{"line":36,"column":60}}]},"19":{"type":"branch","line":36,"loc":{"start":{"line":36,"column":45},"end":{"line":36,"column":75}},"locations":[{"start":{"line":36,"column":45},"end":{"line":36,"column":75}}]},"20":{"type":"branch","line":36,"loc":{"start":{"line":36,"column":75},"end":{"line":41,"column":19}},"locations":[{"start":{"line":36,"column":75},"end":{"line":41,"column":19}}]},"21":{"type":"branch","line":38,"loc":{"start":{"line":38,"column":28},"end":{"line":40,"column":13}},"locations":[{"start":{"line":38,"column":28},"end":{"line":40,"column":13}}]},"22":{"type":"branch","line":41,"loc":{"start":{"line":41,"column":8},"end":{"line":59,"column":9}},"locations":[{"start":{"line":41,"column":8},"end":{"line":59,"column":9}}]},"23":{"type":"branch","line":41,"loc":{"start":{"line":41,"column":31},"end":{"line":43,"column":19}},"locations":[{"start":{"line":41,"column":31},"end":{"line":43,"column":19}}]},"24":{"type":"branch","line":43,"loc":{"start":{"line":43,"column":33},"end":{"line":49,"column":19}},"locations":[{"start":{"line":43,"column":33},"end":{"line":49,"column":19}}]},"25":{"type":"branch","line":49,"loc":{"start":{"line":49,"column":33},"end":{"line":57,"column":15}},"locations":[{"start":{"line":49,"column":33},"end":{"line":57,"column":15}}]},"26":{"type":"branch","line":50,"loc":{"start":{"line":50,"column":70},"end":{"line":50,"column":123}},"locations":[{"start":{"line":50,"column":70},"end":{"line":50,"column":123}}]},"27":{"type":"branch","line":52,"loc":{"start":{"line":52,"column":12},"end":{"line":56,"column":13}},"locations":[{"start":{"line":52,"column":12},"end":{"line":56,"column":13}}]},"28":{"type":"branch","line":57,"loc":{"start":{"line":57,"column":8},"end":{"line":59,"column":9}},"locations":[{"start":{"line":57,"column":8},"end":{"line":59,"column":9}}]},"29":{"type":"branch","line":51,"loc":{"start":{"line":51,"column":31},"end":{"line":51,"column":56}},"locations":[{"start":{"line":51,"column":31},"end":{"line":51,"column":56}}]},"30":{"type":"branch","line":62,"loc":{"start":{"line":62,"column":31},"end":{"line":105,"column":6}},"locations":[{"start":{"line":62,"column":31},"end":{"line":105,"column":6}}]},"31":{"type":"branch","line":63,"loc":{"start":{"line":63,"column":34},"end":{"line":63,"column":64}},"locations":[{"start":{"line":63,"column":34},"end":{"line":63,"column":64}}]},"32":{"type":"branch","line":63,"loc":{"start":{"line":63,"column":64},"end":{"line":67,"column":9}},"locations":[{"start":{"line":63,"column":64},"end":{"line":67,"column":9}}]},"33":{"type":"branch","line":67,"loc":{"start":{"line":67,"column":8},"end":{"line":69,"column":43}},"locations":[{"start":{"line":67,"column":8},"end":{"line":69,"column":43}}]},"34":{"type":"branch","line":69,"loc":{"start":{"line":69,"column":27},"end":{"line":69,"column":54}},"locations":[{"start":{"line":69,"column":27},"end":{"line":69,"column":54}}]},"35":{"type":"branch","line":69,"loc":{"start":{"line":69,"column":54},"end":{"line":104,"column":9}},"locations":[{"start":{"line":69,"column":54},"end":{"line":104,"column":9}}]},"36":{"type":"branch","line":72,"loc":{"start":{"line":72,"column":16},"end":{"line":74,"column":26}},"locations":[{"start":{"line":72,"column":16},"end":{"line":74,"column":26}}]},"37":{"type":"branch","line":75,"loc":{"start":{"line":75,"column":16},"end":{"line":77,"column":26}},"locations":[{"start":{"line":75,"column":16},"end":{"line":77,"column":26}}]},"38":{"type":"branch","line":78,"loc":{"start":{"line":78,"column":16},"end":{"line":80,"column":26}},"locations":[{"start":{"line":78,"column":16},"end":{"line":80,"column":26}}]},"39":{"type":"branch","line":81,"loc":{"start":{"line":81,"column":16},"end":{"line":83,"column":26}},"locations":[{"start":{"line":81,"column":16},"end":{"line":83,"column":26}}]},"40":{"type":"branch","line":84,"loc":{"start":{"line":84,"column":16},"end":{"line":86,"column":26}},"locations":[{"start":{"line":84,"column":16},"end":{"line":86,"column":26}}]},"41":{"type":"branch","line":87,"loc":{"start":{"line":87,"column":16},"end":{"line":88,"column":38}},"locations":[{"start":{"line":87,"column":16},"end":{"line":88,"column":38}}]},"42":{"type":"branch","line":91,"loc":{"start":{"line":91,"column":44},"end":{"line":94,"column":23}},"locations":[{"start":{"line":91,"column":44},"end":{"line":94,"column":23}}]},"43":{"type":"branch","line":94,"loc":{"start":{"line":94,"column":12},"end":{"line":103,"column":13}},"locations":[{"start":{"line":94,"column":12},"end":{"line":103,"column":13}}]},"44":{"type":"branch","line":94,"loc":{"start":{"line":94,"column":40},"end":{"line":97,"column":19}},"locations":[{"start":{"line":94,"column":40},"end":{"line":97,"column":19}}]},"45":{"type":"branch","line":97,"loc":{"start":{"line":97,"column":12},"end":{"line":103,"column":13}},"locations":[{"start":{"line":97,"column":12},"end":{"line":103,"column":13}}]},"46":{"type":"branch","line":107,"loc":{"start":{"line":107,"column":28},"end":{"line":112,"column":6}},"locations":[{"start":{"line":107,"column":28},"end":{"line":112,"column":6}}]},"47":{"type":"branch","line":120,"loc":{"start":{"line":120,"column":126},"end":{"line":130,"column":22}},"locations":[{"start":{"line":120,"column":126},"end":{"line":130,"column":22}}]},"48":{"type":"branch","line":124,"loc":{"start":{"line":124,"column":33},"end":{"line":128,"column":26}},"locations":[{"start":{"line":124,"column":33},"end":{"line":128,"column":26}}]},"49":{"type":"branch","line":125,"loc":{"start":{"line":125,"column":46},"end":{"line":125,"column":70}},"locations":[{"start":{"line":125,"column":46},"end":{"line":125,"column":70}}]},"50":{"type":"branch","line":125,"loc":{"start":{"line":125,"column":63},"end":{"line":125,"column":89}},"locations":[{"start":{"line":125,"column":63},"end":{"line":125,"column":89}}]},"51":{"type":"branch","line":125,"loc":{"start":{"line":125,"column":82},"end":{"line":125,"column":110}},"locations":[{"start":{"line":125,"column":82},"end":{"line":125,"column":110}}]},"52":{"type":"branch","line":125,"loc":{"start":{"line":125,"column":101},"end":{"line":125,"column":131}},"locations":[{"start":{"line":125,"column":101},"end":{"line":125,"column":131}}]},"53":{"type":"branch","line":125,"loc":{"start":{"line":125,"column":122},"end":{"line":125,"column":146}},"locations":[{"start":{"line":125,"column":122},"end":{"line":125,"column":146}}]},"54":{"type":"branch","line":125,"loc":{"start":{"line":125,"column":143},"end":{"line":126,"column":63}},"locations":[{"start":{"line":125,"column":143},"end":{"line":126,"column":63}}]},"55":{"type":"branch","line":126,"loc":{"start":{"line":126,"column":62},"end":{"line":127,"column":60}},"locations":[{"start":{"line":126,"column":62},"end":{"line":127,"column":60}}]}},"b":{"0":[74],"1":[62],"2":[24],"3":[9],"4":[5],"5":[19],"6":[50],"7":[46],"8":[34],"9":[32],"10":[14],"11":[12],"12":[12],"13":[2],"14":[32],"15":[12],"16":[19],"17":[13],"18":[12],"19":[12],"20":[11],"21":[5],"22":[8],"23":[0],"24":[0],"25":[1],"26":[0],"27":[0],"28":[7],"29":[1],"30":[11],"31":[10],"32":[1],"33":[10],"34":[10],"35":[10],"36":[1],"37":[3],"38":[1],"39":[3],"40":[2],"41":[0],"42":[2],"43":[8],"44":[1],"45":[7],"46":[4],"47":[1480],"48":[65],"49":[53],"50":[47],"51":[47],"52":[47],"53":[46],"54":[19],"55":[46]},"fnMap":{"0":{"name":"Calculator","decl":{"start":{"line":18,"column":0},"end":{"line":135,"column":1}},"loc":{"start":{"line":18,"column":0},"end":{"line":135,"column":1}},"line":18},"1":{"name":"handleNumberClick","decl":{"start":{"line":25,"column":30},"end":{"line":33,"column":6}},"loc":{"start":{"line":25,"column":30},"end":{"line":33,"column":6}},"line":25},"2":{"name":"handleOperationClick","decl":{"start":{"line":35,"column":33},"end":{"line":60,"column":6}},"loc":{"start":{"line":35,"column":33},"end":{"line":60,"column":6}},"line":35},"3":{"name":"performCalculation","decl":{"start":{"line":62,"column":31},"end":{"line":105,"column":6}},"loc":{"start":{"line":62,"column":31},"end":{"line":105,"column":6}},"line":62},"4":{"name":"resetCalculator","decl":{"start":{"line":107,"column":28},"end":{"line":112,"column":6}},"loc":{"start":{"line":107,"column":28},"end":{"line":112,"column":6}},"line":107},"5":{"name":"onClick","decl":{"start":{"line":124,"column":33},"end":{"line":128,"column":26}},"loc":{"start":{"line":124,"column":33},"end":{"line":128,"column":26}},"line":124}},"f":{"0":74,"1":46,"2":19,"3":11,"4":4,"5":65}}
}
